Using pre-set license
Built from 'trunk' branch; Version is '2021.1.0a4 (7d39c812e75a) revision 8206792'; Using compiler version '192528614'; Build Type 'Release'
OS: 'Windows 10 Home; OS build 19041.928; Version 2004; 64bit' Language: 'zh' Physical Memory: 8042 MB
BatchMode: 1, IsHumanControllingUs: 0, StartBugReporterOnCrash: 0, Is64bit: 1, IsPro: 0

 COMMAND LINE ARGUMENTS:
C:\Program Files\Unity\Hub\Editor\2021.1.0a4\Editor\Unity.exe
-adb2
-batchMode
-noUpm
-name
AssetImportWorker0
-projectPath
C:/Users/Oliver/Desktop/unity/Unity3D-Python-Communication-master/UIdesign
-logFile
Logs/AssetImportWorker0.log
-srvPort
1101
Successfully changed project path to: C:/Users/Oliver/Desktop/unity/Unity3D-Python-Communication-master/UIdesign
C:/Users/Oliver/Desktop/unity/Unity3D-Python-Communication-master/UIdesign
Using Asset Import Pipeline V2.
Refreshing native plugins compatible for Editor in 102.88 ms, found 0 plugins.
Preloading 0 native plugins for Editor in 0.00 ms.
Initialize engine version: 2021.1.0a4 (7d39c812e75a)
[Subsystems] Discovering subsystems at path C:/Program Files/Unity/Hub/Editor/2021.1.0a4/Editor/Data/Resources/UnitySubsystems
[Subsystems] Discovering subsystems at path C:/Users/Oliver/Desktop/unity/Unity3D-Python-Communication-master/UIdesign/Assets
GfxDevice: creating device client; threaded=0; jobified=0
Direct3D:
    Version:  Direct3D 11.0 [level 11.1]
    Renderer: NVIDIA GeForce GTX 1060 (ID=0x1c20)
    Vendor:   
    VRAM:     6052 MB
    Driver:   27.21.14.6089
Initialize mono
Mono path[0] = 'C:/Program Files/Unity/Hub/Editor/2021.1.0a4/Editor/Data/Managed'
Mono path[1] = 'C:/Program Files/Unity/Hub/Editor/2021.1.0a4/Editor/Data/MonoBleedingEdge/lib/mono/unityjit'
Mono config path = 'C:/Program Files/Unity/Hub/Editor/2021.1.0a4/Editor/Data/MonoBleedingEdge/etc'
Using monoOptions --debugger-agent=transport=dt_socket,embedding=1,server=y,suspend=n,address=127.0.0.1:56664
Begin MonoManager ReloadAssembly
Registering precompiled unity dll's ...
Register platform support module: C:/Program Files/Unity/Hub/Editor/2021.1.0a4/Editor/Data/PlaybackEngines/WindowsStandaloneSupport/UnityEditor.WindowsStandalone.Extensions.dll
Registered in 0.008228 seconds.
Native extension for WindowsStandalone target not found
Refreshing native plugins compatible for Editor in 63.93 ms, found 0 plugins.
Preloading 0 native plugins for Editor in 0.00 ms.
Invoked RoslynAnalysisRunner static constructor.
RoslynAnalysisRunner will not be running.
RoslynAnalysisRunner has terminated.
Mono: successfully reloaded assembly
- Completed reload, in  3.696 seconds
Platform modules already initialized, skipping
Registering precompiled user dll's ...
Registered in 0.002084 seconds.
Begin MonoManager ReloadAssembly
Symbol file LoadedFromMemory doesn't match image C:\Users\Oliver\Desktop\unity\Unity3D-Python-Communication-master\UIdesign\Library\PackageCache\com.unity.ext.nunit@1.0.0\net35\unity-custom\nunit.framework.dll
Native extension for WindowsStandalone target not found
Refreshing native plugins compatible for Editor in 0.37 ms, found 0 plugins.
Preloading 0 native plugins for Editor in 0.00 ms.
Invoked RoslynAnalysisRunner static constructor.
RoslynAnalysisRunner will not be running.
RoslynAnalysisRunner has terminated.
Mono: successfully reloaded assembly
- Completed reload, in  2.969 seconds
Platform modules already initialized, skipping
========================================================================
Worker process is ready to serve import requests
Launched and connected shader compiler UnityShaderCompiler.exe after 0.12 seconds
Refreshing native plugins compatible for Editor in 0.46 ms, found 0 plugins.
Preloading 0 native plugins for Editor in 0.00 ms.
Unloading 1091 Unused Serialized files (Serialized files now loaded: 0)
System memory in use before: 190.7 MB.
System memory in use after: 190.7 MB.

Unloading 10 unused Assets to reduce memory usage. Loaded Objects now: 1542.
Total: 5.667700 ms (FindLiveObjects: 0.665300 ms CreateObjectMapping: 0.111000 ms MarkObjects: 4.717800 ms  DeleteObjects: 0.170300 ms)

========================================================================
Received Import Request.
  path: Assets/Scenes/SampleScene.unity
  artifactKey: Guid(9fc0d4010bbf28b4594072e72b8655ab) Importer(2089858483,934ff659095e30574adcf32a4c2f97b5)
Start importing Assets/Scenes/SampleScene.unity using Guid(9fc0d4010bbf28b4594072e72b8655ab) Importer(2089858483,934ff659095e30574adcf32a4c2f97b5) Generated asset (ASIEI01) VirtualArtifacts/NamedExtra/77ca865eef5bfbe44a30cd20c80eea82.asset.1.index for Assets/Scenes/SampleScene.unity with Types
 -> (artifact id: 'a19a398a0f52348a7bb5adfe9d5c0494') in 0.220457 seconds 
========================================================================
Received Import Request.
  Time since last request: 44.601193 seconds.
  path: Assets/Scenes
  artifactKey: Guid(9a629fafb7112084d9194afacf4dbfb7) Importer(815301076,1909f56bfc062723c751e8b465ee728b)
Start importing Assets/Scenes using Guid(9a629fafb7112084d9194afacf4dbfb7) Importer(815301076,1909f56bfc062723c751e8b465ee728b)  -> (artifact id: '22dfac1dd976ffcbd542d09ad515c671') in 0.017539 seconds 
========================================================================
Received Import Request.
  Time since last request: 1.068562 seconds.
  path: Assets
  artifactKey: Guid(00000000000000001000000000000000) Importer(815301076,1909f56bfc062723c751e8b465ee728b)
Start importing Assets using Guid(00000000000000001000000000000000) Importer(815301076,1909f56bfc062723c751e8b465ee728b)  -> (artifact id: '7826e5d911f294d9a16ac69bb0a09181') in 0.016293 seconds 
========================================================================
Received Import Request.
  Time since last request: 9.027326 seconds.
  path: Assets/Scripts.cs
  artifactKey: Guid(8fae3e7d29f95894eb3220750ed1fab9) Importer(815301076,1909f56bfc062723c751e8b465ee728b)
Start importing Assets/Scripts.cs using Guid(8fae3e7d29f95894eb3220750ed1fab9) Importer(815301076,1909f56bfc062723c751e8b465ee728b)  -> (artifact id: '7b72c769873b9e22049776c6b9c80f6a') in 0.151634 seconds 
========================================================================
Received Import Request.
  Time since last request: 0.343304 seconds.
  path: Assets/Scripts.cs
  artifactKey: Guid(8fae3e7d29f95894eb3220750ed1fab9) Importer(2089858483,934ff659095e30574adcf32a4c2f97b5)
Start importing Assets/Scripts.cs using Guid(8fae3e7d29f95894eb3220750ed1fab9) Importer(2089858483,934ff659095e30574adcf32a4c2f97b5) Generated asset (ASIEI01) VirtualArtifacts/NamedExtra/d37d837a7e7793f4393c437ba5756268.asset.1.index for Assets/Scripts.cs with Types
 -> (artifact id: 'c498df534a3374da74564ab1270f5dbc') in 0.032242 seconds 
========================================================================
Received Prepare
Registering precompiled user dll's ...
Registered in 0.002901 seconds.
Begin MonoManager ReloadAssembly
Symbol file LoadedFromMemory doesn't match image C:\Users\Oliver\Desktop\unity\Unity3D-Python-Communication-master\UIdesign\Library\PackageCache\com.unity.ext.nunit@1.0.0\net35\unity-custom\nunit.framework.dll
Native extension for WindowsStandalone target not found
Refreshing native plugins compatible for Editor in 0.49 ms, found 0 plugins.
Preloading 0 native plugins for Editor in 0.00 ms.
Invoked RoslynAnalysisRunner static constructor.
RoslynAnalysisRunner will not be running.
RoslynAnalysisRunner has terminated.
Mono: successfully reloaded assembly
- Completed reload, in  2.741 seconds
Platform modules already initialized, skipping
Refreshing native plugins compatible for Editor in 0.85 ms, found 0 plugins.
Preloading 0 native plugins for Editor in 0.00 ms.
Unloading 1086 Unused Serialized files (Serialized files now loaded: 0)
System memory in use before: 190.7 MB.
System memory in use after: 190.8 MB.

Unloading 5 unused Assets to reduce memory usage. Loaded Objects now: 1544.
Total: 7.713100 ms (FindLiveObjects: 0.893600 ms CreateObjectMapping: 0.204400 ms MarkObjects: 6.398000 ms  DeleteObjects: 0.213300 ms)

========================================================================
Received Import Request.
  Time since last request: 16.675084 seconds.
  path: Assets/Scripts
  artifactKey: Guid(d68ad1bebc580444bac32dac21896066) Importer(815301076,1909f56bfc062723c751e8b465ee728b)
Start importing Assets/Scripts using Guid(d68ad1bebc580444bac32dac21896066) Importer(815301076,1909f56bfc062723c751e8b465ee728b)  -> (artifact id: '1578d223dac519f6e3be3f61efd84b39') in 0.032497 seconds 
========================================================================
Received Import Request.
  Time since last request: 10.339987 seconds.
  path: Assets/Scripts/UIFramework
  artifactKey: Guid(21966aa8b91affb498b380e600276cdc) Importer(815301076,1909f56bfc062723c751e8b465ee728b)
Start importing Assets/Scripts/UIFramework using Guid(21966aa8b91affb498b380e600276cdc) Importer(815301076,1909f56bfc062723c751e8b465ee728b)  -> (artifact id: 'cbf9cdc658878c20771639ed4c1737d6') in 0.022203 seconds 
========================================================================
Received Import Request.
  Time since last request: 18.102916 seconds.
  path: Assets/Scripts/UIFramework/UIType.cs
  artifactKey: Guid(0044306ec7461654dab9cfff28182cf3) Importer(815301076,1909f56bfc062723c751e8b465ee728b)
Start importing Assets/Scripts/UIFramework/UIType.cs using Guid(0044306ec7461654dab9cfff28182cf3) Importer(815301076,1909f56bfc062723c751e8b465ee728b)  -> (artifact id: '8b9f61a60f995ac3839d0cf0a0462e7c') in 0.015833 seconds 
========================================================================
Received Prepare
Registering precompiled user dll's ...
Registered in 0.001842 seconds.
Begin MonoManager ReloadAssembly
Symbol file LoadedFromMemory doesn't match image C:\Users\Oliver\Desktop\unity\Unity3D-Python-Communication-master\UIdesign\Library\PackageCache\com.unity.ext.nunit@1.0.0\net35\unity-custom\nunit.framework.dll
Native extension for WindowsStandalone target not found
Refreshing native plugins compatible for Editor in 0.33 ms, found 0 plugins.
Preloading 0 native plugins for Editor in 0.00 ms.
Invoked RoslynAnalysisRunner static constructor.
RoslynAnalysisRunner will not be running.
RoslynAnalysisRunner has terminated.
Mono: successfully reloaded assembly
- Completed reload, in  2.092 seconds
Platform modules already initialized, skipping
Refreshing native plugins compatible for Editor in 0.39 ms, found 0 plugins.
Preloading 0 native plugins for Editor in 0.00 ms.
Unloading 1087 Unused Serialized files (Serialized files now loaded: 0)
System memory in use before: 190.8 MB.
System memory in use after: 190.9 MB.

Unloading 5 unused Assets to reduce memory usage. Loaded Objects now: 1547.
Total: 4.165700 ms (FindLiveObjects: 0.626200 ms CreateObjectMapping: 0.196100 ms MarkObjects: 3.251400 ms  DeleteObjects: 0.089500 ms)

========================================================================
Received Import Request.
  Time since last request: 34.029423 seconds.
  path: Assets/Resources
  artifactKey: Guid(dbae8594a92f5fe4eb9e76f23f1b75aa) Importer(815301076,1909f56bfc062723c751e8b465ee728b)
Start importing Assets/Resources using Guid(dbae8594a92f5fe4eb9e76f23f1b75aa) Importer(815301076,1909f56bfc062723c751e8b465ee728b)  -> (artifact id: '620117c8e7978b35260f82efc5f4492f') in 0.021270 seconds 
========================================================================
Received Import Request.
  Time since last request: 10.708624 seconds.
  path: Assets/Images
  artifactKey: Guid(395860c35575ba74c97270cbeea611f1) Importer(815301076,1909f56bfc062723c751e8b465ee728b)
Start importing Assets/Images using Guid(395860c35575ba74c97270cbeea611f1) Importer(815301076,1909f56bfc062723c751e8b465ee728b)  -> (artifact id: '5b4496ddb8358ede4538fc82a8b236fd') in 0.022517 seconds 
========================================================================
Received Import Request.
  Time since last request: 23.861037 seconds.
  path: Assets/Resources/Prefabs
  artifactKey: Guid(30f1cfac678c7dc4288dcb637e340cc6) Importer(815301076,1909f56bfc062723c751e8b465ee728b)
Start importing Assets/Resources/Prefabs using Guid(30f1cfac678c7dc4288dcb637e340cc6) Importer(815301076,1909f56bfc062723c751e8b465ee728b)  -> (artifact id: '6e25cdd4df0464ef49a261167d137a00') in 0.031700 seconds 
========================================================================
Received Import Request.
  Time since last request: 14.759664 seconds.
  path: Assets/Resources/Prefabs/UI
  artifactKey: Guid(f2e3cb0784228164e82bb030ed6da880) Importer(815301076,1909f56bfc062723c751e8b465ee728b)
Start importing Assets/Resources/Prefabs/UI using Guid(f2e3cb0784228164e82bb030ed6da880) Importer(815301076,1909f56bfc062723c751e8b465ee728b)  -> (artifact id: '9bd566f033afb6074874c2a3e2183a24') in 0.028768 seconds 
========================================================================
Received Import Request.
  Time since last request: 30.267712 seconds.
  path: Assets/Resources/Prefabs/UI/Panel
  artifactKey: Guid(1f2d43e9863350448b01361cd7243373) Importer(815301076,1909f56bfc062723c751e8b465ee728b)
Start importing Assets/Resources/Prefabs/UI/Panel using Guid(1f2d43e9863350448b01361cd7243373) Importer(815301076,1909f56bfc062723c751e8b465ee728b)  -> (artifact id: '9a5b4dc96a5687d6e5a2372e8f9f8c35') in 0.027554 seconds 
========================================================================
Received Prepare
Registering precompiled user dll's ...
Registered in 0.002288 seconds.
Begin MonoManager ReloadAssembly
Symbol file LoadedFromMemory doesn't match image C:\Users\Oliver\Desktop\unity\Unity3D-Python-Communication-master\UIdesign\Library\PackageCache\com.unity.ext.nunit@1.0.0\net35\unity-custom\nunit.framework.dll
Native extension for WindowsStandalone target not found
Refreshing native plugins compatible for Editor in 0.47 ms, found 0 plugins.
Preloading 0 native plugins for Editor in 0.00 ms.
Invoked RoslynAnalysisRunner static constructor.
RoslynAnalysisRunner will not be running.
RoslynAnalysisRunner has terminated.
Mono: successfully reloaded assembly
- Completed reload, in  2.872 seconds
Platform modules already initialized, skipping
Refreshing native plugins compatible for Editor in 0.42 ms, found 0 plugins.
Preloading 0 native plugins for Editor in 0.00 ms.
Unloading 1087 Unused Serialized files (Serialized files now loaded: 0)
System memory in use before: 190.9 MB.
System memory in use after: 191.0 MB.

Unloading 5 unused Assets to reduce memory usage. Loaded Objects now: 1549.
Total: 4.558700 ms (FindLiveObjects: 0.598400 ms CreateObjectMapping: 0.095600 ms MarkObjects: 3.754000 ms  DeleteObjects: 0.107400 ms)

========================================================================
Received Import Request.
  Time since last request: 369.015296 seconds.
  path: Assets/Scripts/UIFramework/UIType.cs
  artifactKey: Guid(0044306ec7461654dab9cfff28182cf3) Importer(815301076,1909f56bfc062723c751e8b465ee728b)
Start importing Assets/Scripts/UIFramework/UIType.cs using Guid(0044306ec7461654dab9cfff28182cf3) Importer(815301076,1909f56bfc062723c751e8b465ee728b)  -> (artifact id: 'a2e1f7b8272b67433658f705cb99a7f8') in 0.011741 seconds 
========================================================================
Received Import Request.
  Time since last request: 11.872440 seconds.
  path: Assets/Scripts/UIFramework/BasePanel.cs
  artifactKey: Guid(4f2d2f581ccaa2243b2f4b3d5a95e857) Importer(815301076,1909f56bfc062723c751e8b465ee728b)
Start importing Assets/Scripts/UIFramework/BasePanel.cs using Guid(4f2d2f581ccaa2243b2f4b3d5a95e857) Importer(815301076,1909f56bfc062723c751e8b465ee728b)  -> (artifact id: 'b5ce7bb7b238d2406b1faf0d396f5def') in 0.028058 seconds 
========================================================================
Received Prepare
Registering precompiled user dll's ...
Registered in 0.002977 seconds.
Begin MonoManager ReloadAssembly
Symbol file LoadedFromMemory doesn't match image C:\Users\Oliver\Desktop\unity\Unity3D-Python-Communication-master\UIdesign\Library\PackageCache\com.unity.ext.nunit@1.0.0\net35\unity-custom\nunit.framework.dll
Native extension for WindowsStandalone target not found
Refreshing native plugins compatible for Editor in 0.48 ms, found 0 plugins.
Preloading 0 native plugins for Editor in 0.00 ms.
Invoked RoslynAnalysisRunner static constructor.
RoslynAnalysisRunner will not be running.
RoslynAnalysisRunner has terminated.
Mono: successfully reloaded assembly
- Completed reload, in  2.398 seconds
Platform modules already initialized, skipping
Refreshing native plugins compatible for Editor in 0.30 ms, found 0 plugins.
Preloading 0 native plugins for Editor in 0.00 ms.
Unloading 1088 Unused Serialized files (Serialized files now loaded: 0)
System memory in use before: 191.1 MB.
System memory in use after: 191.1 MB.

Unloading 5 unused Assets to reduce memory usage. Loaded Objects now: 1552.
Total: 3.136300 ms (FindLiveObjects: 0.474500 ms CreateObjectMapping: 0.095200 ms MarkObjects: 2.503400 ms  DeleteObjects: 0.061400 ms)

========================================================================
Received Import Request.
  Time since last request: 372.178237 seconds.
  path: Assets/Scripts/UIFramework/BasePanel.cs
  artifactKey: Guid(4f2d2f581ccaa2243b2f4b3d5a95e857) Importer(815301076,1909f56bfc062723c751e8b465ee728b)
Start importing Assets/Scripts/UIFramework/BasePanel.cs using Guid(4f2d2f581ccaa2243b2f4b3d5a95e857) Importer(815301076,1909f56bfc062723c751e8b465ee728b)  -> (artifact id: '3b3d23fd3df3375def163bee5f90f32f') in 0.012557 seconds 
========================================================================
Received Import Request.
  Time since last request: 14.657692 seconds.
  path: Assets/Scripts/UIFramework/UIManager.cs
  artifactKey: Guid(d0d145ca4fc0cf042b9fa5238099dbef) Importer(815301076,1909f56bfc062723c751e8b465ee728b)
Start importing Assets/Scripts/UIFramework/UIManager.cs using Guid(d0d145ca4fc0cf042b9fa5238099dbef) Importer(815301076,1909f56bfc062723c751e8b465ee728b)  -> (artifact id: '86f597b21950b43c87c64ee58fb07e46') in 0.026612 seconds 
========================================================================
Received Prepare
Registering precompiled user dll's ...
Registered in 0.001239 seconds.
Begin MonoManager ReloadAssembly
Symbol file LoadedFromMemory doesn't match image C:\Users\Oliver\Desktop\unity\Unity3D-Python-Communication-master\UIdesign\Library\PackageCache\com.unity.ext.nunit@1.0.0\net35\unity-custom\nunit.framework.dll
Native extension for WindowsStandalone target not found
Refreshing native plugins compatible for Editor in 0.21 ms, found 0 plugins.
Preloading 0 native plugins for Editor in 0.00 ms.
Invoked RoslynAnalysisRunner static constructor.
RoslynAnalysisRunner will not be running.
RoslynAnalysisRunner has terminated.
Mono: successfully reloaded assembly
- Completed reload, in  1.156 seconds
Platform modules already initialized, skipping
Refreshing native plugins compatible for Editor in 0.28 ms, found 0 plugins.
Preloading 0 native plugins for Editor in 0.00 ms.
Unloading 1089 Unused Serialized files (Serialized files now loaded: 0)
System memory in use before: 191.2 MB.
System memory in use after: 191.3 MB.

Unloading 5 unused Assets to reduce memory usage. Loaded Objects now: 1555.
Total: 1.676700 ms (FindLiveObjects: 0.247100 ms CreateObjectMapping: 0.039500 ms MarkObjects: 1.346900 ms  DeleteObjects: 0.041800 ms)

========================================================================
Received Import Request.
  Time since last request: 5581.470204 seconds.
  path: Assets/Scripts/UIFramework/UIManager.cs
  artifactKey: Guid(d0d145ca4fc0cf042b9fa5238099dbef) Importer(815301076,1909f56bfc062723c751e8b465ee728b)
Start importing Assets/Scripts/UIFramework/UIManager.cs using Guid(d0d145ca4fc0cf042b9fa5238099dbef) Importer(815301076,1909f56bfc062723c751e8b465ee728b)  -> (artifact id: 'f8f74f63767889f29b554dbde1dc120b') in 0.011678 seconds 
========================================================================
Received Import Request.
  Time since last request: 83.784059 seconds.
  path: Assets/Scripts/UIFramework/Manager
  artifactKey: Guid(e5c00171aa896c844a52d912c7a7ea70) Importer(815301076,1909f56bfc062723c751e8b465ee728b)
Start importing Assets/Scripts/UIFramework/Manager using Guid(e5c00171aa896c844a52d912c7a7ea70) Importer(815301076,1909f56bfc062723c751e8b465ee728b)  -> (artifact id: 'd5ee4e2ed9e61e17db1b97f35e4665e7') in 0.009766 seconds 
========================================================================
Received Prepare
Registering precompiled user dll's ...
Registered in 0.001069 seconds.
Begin MonoManager ReloadAssembly
Symbol file LoadedFromMemory doesn't match image C:\Users\Oliver\Desktop\unity\Unity3D-Python-Communication-master\UIdesign\Library\PackageCache\com.unity.ext.nunit@1.0.0\net35\unity-custom\nunit.framework.dll
Native extension for WindowsStandalone target not found
Refreshing native plugins compatible for Editor in 0.25 ms, found 0 plugins.
Preloading 0 native plugins for Editor in 0.00 ms.
Invoked RoslynAnalysisRunner static constructor.
RoslynAnalysisRunner will not be running.
RoslynAnalysisRunner has terminated.
Mono: successfully reloaded assembly
- Completed reload, in  0.929 seconds
Platform modules already initialized, skipping
Refreshing native plugins compatible for Editor in 0.27 ms, found 0 plugins.
Preloading 0 native plugins for Editor in 0.00 ms.
Unloading 1089 Unused Serialized files (Serialized files now loaded: 0)
System memory in use before: 191.3 MB.
System memory in use after: 191.3 MB.

Unloading 5 unused Assets to reduce memory usage. Loaded Objects now: 1557.
Total: 1.932200 ms (FindLiveObjects: 0.337000 ms CreateObjectMapping: 0.044800 ms MarkObjects: 1.473600 ms  DeleteObjects: 0.075400 ms)

========================================================================
Received Import Request.
  Time since last request: 26.549217 seconds.
  path: Assets/Scripts/UIFramework/Manager/PaneManager.cs
  artifactKey: Guid(879b973814a73414eb590d07d931d731) Importer(815301076,1909f56bfc062723c751e8b465ee728b)
Start importing Assets/Scripts/UIFramework/Manager/PaneManager.cs using Guid(879b973814a73414eb590d07d931d731) Importer(815301076,1909f56bfc062723c751e8b465ee728b)  -> (artifact id: 'cd8de12592eb36d05853dcc53beb908b') in 0.012671 seconds 
========================================================================
Received Prepare
Registering precompiled user dll's ...
Registered in 0.001042 seconds.
Begin MonoManager ReloadAssembly
Symbol file LoadedFromMemory doesn't match image C:\Users\Oliver\Desktop\unity\Unity3D-Python-Communication-master\UIdesign\Library\PackageCache\com.unity.ext.nunit@1.0.0\net35\unity-custom\nunit.framework.dll
Native extension for WindowsStandalone target not found
Refreshing native plugins compatible for Editor in 0.18 ms, found 0 plugins.
Preloading 0 native plugins for Editor in 0.00 ms.
Invoked RoslynAnalysisRunner static constructor.
RoslynAnalysisRunner will not be running.
RoslynAnalysisRunner has terminated.
Mono: successfully reloaded assembly
- Completed reload, in  0.882 seconds
Platform modules already initialized, skipping
Refreshing native plugins compatible for Editor in 0.19 ms, found 0 plugins.
Preloading 0 native plugins for Editor in 0.00 ms.
Unloading 1090 Unused Serialized files (Serialized files now loaded: 0)
System memory in use before: 191.4 MB.
System memory in use after: 191.5 MB.

Unloading 5 unused Assets to reduce memory usage. Loaded Objects now: 1560.
Total: 2.141300 ms (FindLiveObjects: 0.342500 ms CreateObjectMapping: 0.051100 ms MarkObjects: 1.703700 ms  DeleteObjects: 0.043100 ms)

========================================================================
Received Import Request.
  Time since last request: 9.477503 seconds.
  path: Assets/Scripts/UIFramework/Manager/PanelManager.cs
  artifactKey: Guid(879b973814a73414eb590d07d931d731) Importer(815301076,1909f56bfc062723c751e8b465ee728b)
Start importing Assets/Scripts/UIFramework/Manager/PanelManager.cs using Guid(879b973814a73414eb590d07d931d731) Importer(815301076,1909f56bfc062723c751e8b465ee728b)  -> (artifact id: 'eaeeae9247884256591f2ea61e7180e5') in 0.014144 seconds 
========================================================================
Received Prepare
Registering precompiled user dll's ...
Registered in 0.001072 seconds.
Begin MonoManager ReloadAssembly
Symbol file LoadedFromMemory doesn't match image C:\Users\Oliver\Desktop\unity\Unity3D-Python-Communication-master\UIdesign\Library\PackageCache\com.unity.ext.nunit@1.0.0\net35\unity-custom\nunit.framework.dll
Native extension for WindowsStandalone target not found
Refreshing native plugins compatible for Editor in 0.18 ms, found 0 plugins.
Preloading 0 native plugins for Editor in 0.00 ms.
Invoked RoslynAnalysisRunner static constructor.
RoslynAnalysisRunner will not be running.
RoslynAnalysisRunner has terminated.
Mono: successfully reloaded assembly
- Completed reload, in  0.876 seconds
Platform modules already initialized, skipping
Refreshing native plugins compatible for Editor in 0.35 ms, found 0 plugins.
Preloading 0 native plugins for Editor in 0.00 ms.
Unloading 1090 Unused Serialized files (Serialized files now loaded: 0)
System memory in use before: 191.5 MB.
System memory in use after: 191.6 MB.

Unloading 5 unused Assets to reduce memory usage. Loaded Objects now: 1562.
Total: 2.039300 ms (FindLiveObjects: 0.394200 ms CreateObjectMapping: 0.050800 ms MarkObjects: 1.512800 ms  DeleteObjects: 0.079800 ms)

========================================================================
Received Import Request.
  Time since last request: 482.320789 seconds.
  path: Assets/Scripts/UIFramework/Manager/PanelManager.cs
  artifactKey: Guid(879b973814a73414eb590d07d931d731) Importer(815301076,1909f56bfc062723c751e8b465ee728b)
Start importing Assets/Scripts/UIFramework/Manager/PanelManager.cs using Guid(879b973814a73414eb590d07d931d731) Importer(815301076,1909f56bfc062723c751e8b465ee728b)  -> (artifact id: 'd8c33f6bec23fdfb8175f62698d2fe8c') in 0.007445 seconds 
========================================================================
Received Prepare
Registering precompiled user dll's ...
Registered in 0.001107 seconds.
Begin MonoManager ReloadAssembly
Symbol file LoadedFromMemory doesn't match image C:\Users\Oliver\Desktop\unity\Unity3D-Python-Communication-master\UIdesign\Library\PackageCache\com.unity.ext.nunit@1.0.0\net35\unity-custom\nunit.framework.dll
Native extension for WindowsStandalone target not found
Refreshing native plugins compatible for Editor in 0.19 ms, found 0 plugins.
Preloading 0 native plugins for Editor in 0.00 ms.
Invoked RoslynAnalysisRunner static constructor.
RoslynAnalysisRunner will not be running.
RoslynAnalysisRunner has terminated.
Mono: successfully reloaded assembly
- Completed reload, in  0.861 seconds
Platform modules already initialized, skipping
Refreshing native plugins compatible for Editor in 0.18 ms, found 0 plugins.
Preloading 0 native plugins for Editor in 0.00 ms.
Unloading 1090 Unused Serialized files (Serialized files now loaded: 0)
System memory in use before: 191.6 MB.
System memory in use after: 191.7 MB.

Unloading 5 unused Assets to reduce memory usage. Loaded Objects now: 1564.
Total: 1.808200 ms (FindLiveObjects: 0.342100 ms CreateObjectMapping: 0.053300 ms MarkObjects: 1.373600 ms  DeleteObjects: 0.038200 ms)

========================================================================
Received Import Request.
  Time since last request: 592.695939 seconds.
  path: Assets/Scripts/UIFramework/StartPanel.cs
  artifactKey: Guid(2ae4ea409298a4d41918fa24e033aa29) Importer(815301076,1909f56bfc062723c751e8b465ee728b)
Start importing Assets/Scripts/UIFramework/StartPanel.cs using Guid(2ae4ea409298a4d41918fa24e033aa29) Importer(815301076,1909f56bfc062723c751e8b465ee728b)  -> (artifact id: '2bd52ab967b74e5717624fbc9c3d07d8') in 0.014939 seconds 
========================================================================
Received Prepare
Registering precompiled user dll's ...
Registered in 0.001052 seconds.
Begin MonoManager ReloadAssembly
Symbol file LoadedFromMemory doesn't match image C:\Users\Oliver\Desktop\unity\Unity3D-Python-Communication-master\UIdesign\Library\PackageCache\com.unity.ext.nunit@1.0.0\net35\unity-custom\nunit.framework.dll
Native extension for WindowsStandalone target not found
Refreshing native plugins compatible for Editor in 0.18 ms, found 0 plugins.
Preloading 0 native plugins for Editor in 0.00 ms.
Invoked RoslynAnalysisRunner static constructor.
RoslynAnalysisRunner will not be running.
RoslynAnalysisRunner has terminated.
Mono: successfully reloaded assembly
- Completed reload, in  0.891 seconds
Platform modules already initialized, skipping
Refreshing native plugins compatible for Editor in 0.19 ms, found 0 plugins.
Preloading 0 native plugins for Editor in 0.00 ms.
Unloading 1091 Unused Serialized files (Serialized files now loaded: 0)
System memory in use before: 191.7 MB.
System memory in use after: 191.8 MB.

Unloading 5 unused Assets to reduce memory usage. Loaded Objects now: 1567.
Total: 2.063200 ms (FindLiveObjects: 0.335800 ms CreateObjectMapping: 0.043200 ms MarkObjects: 1.635400 ms  DeleteObjects: 0.047600 ms)

========================================================================
Received Prepare
Registering precompiled user dll's ...
Registered in 0.001110 seconds.
Begin MonoManager ReloadAssembly
Symbol file LoadedFromMemory doesn't match image C:\Users\Oliver\Desktop\unity\Unity3D-Python-Communication-master\UIdesign\Library\PackageCache\com.unity.ext.nunit@1.0.0\net35\unity-custom\nunit.framework.dll
Native extension for WindowsStandalone target not found
Refreshing native plugins compatible for Editor in 0.19 ms, found 0 plugins.
Preloading 0 native plugins for Editor in 0.00 ms.
Invoked RoslynAnalysisRunner static constructor.
RoslynAnalysisRunner will not be running.
RoslynAnalysisRunner has terminated.
Mono: successfully reloaded assembly
- Completed reload, in  0.880 seconds
Platform modules already initialized, skipping
Refreshing native plugins compatible for Editor in 0.19 ms, found 0 plugins.
Preloading 0 native plugins for Editor in 0.00 ms.
Unloading 1091 Unused Serialized files (Serialized files now loaded: 0)
System memory in use before: 191.8 MB.
System memory in use after: 191.8 MB.

Unloading 5 unused Assets to reduce memory usage. Loaded Objects now: 1569.
Total: 2.405700 ms (FindLiveObjects: 0.470800 ms CreateObjectMapping: 0.068200 ms MarkObjects: 1.817700 ms  DeleteObjects: 0.047200 ms)

========================================================================
Received Import Request.
  Time since last request: 77.011986 seconds.
  path: Assets/Scripts/UIFramework/BasePanel.cs
  artifactKey: Guid(4f2d2f581ccaa2243b2f4b3d5a95e857) Importer(815301076,1909f56bfc062723c751e8b465ee728b)
Start importing Assets/Scripts/UIFramework/BasePanel.cs using Guid(4f2d2f581ccaa2243b2f4b3d5a95e857) Importer(815301076,1909f56bfc062723c751e8b465ee728b)  -> (artifact id: '1d7c0952c3b639fa96f067315407df20') in 0.007891 seconds 
========================================================================
Received Prepare
Registering precompiled user dll's ...
Registered in 0.001090 seconds.
Begin MonoManager ReloadAssembly
Symbol file LoadedFromMemory doesn't match image C:\Users\Oliver\Desktop\unity\Unity3D-Python-Communication-master\UIdesign\Library\PackageCache\com.unity.ext.nunit@1.0.0\net35\unity-custom\nunit.framework.dll
Native extension for WindowsStandalone target not found
Refreshing native plugins compatible for Editor in 0.19 ms, found 0 plugins.
Preloading 0 native plugins for Editor in 0.00 ms.
Invoked RoslynAnalysisRunner static constructor.
RoslynAnalysisRunner will not be running.
RoslynAnalysisRunner has terminated.
Mono: successfully reloaded assembly
- Completed reload, in  0.871 seconds
Platform modules already initialized, skipping
Refreshing native plugins compatible for Editor in 0.18 ms, found 0 plugins.
Preloading 0 native plugins for Editor in 0.00 ms.
Unloading 1091 Unused Serialized files (Serialized files now loaded: 0)
System memory in use before: 191.8 MB.
System memory in use after: 191.9 MB.

Unloading 5 unused Assets to reduce memory usage. Loaded Objects now: 1571.
Total: 1.831300 ms (FindLiveObjects: 0.245500 ms CreateObjectMapping: 0.028500 ms MarkObjects: 1.517400 ms  DeleteObjects: 0.038500 ms)

========================================================================
Received Import Request.
  Time since last request: 285.458578 seconds.
  path: Assets/Scripts/UIFramework/StartPanel.cs
  artifactKey: Guid(2ae4ea409298a4d41918fa24e033aa29) Importer(815301076,1909f56bfc062723c751e8b465ee728b)
Start importing Assets/Scripts/UIFramework/StartPanel.cs using Guid(2ae4ea409298a4d41918fa24e033aa29) Importer(815301076,1909f56bfc062723c751e8b465ee728b)  -> (artifact id: '649be93d2cc194259a28dcdf79f6bad4') in 0.004321 seconds 
========================================================================
Received Import Request.
  Time since last request: 70.546221 seconds.
  path: Assets/Scripts/UIFramework/StartManager.cs
  artifactKey: Guid(deaae740285a2e44d9425a79d5ba2315) Importer(815301076,1909f56bfc062723c751e8b465ee728b)
Start importing Assets/Scripts/UIFramework/StartManager.cs using Guid(deaae740285a2e44d9425a79d5ba2315) Importer(815301076,1909f56bfc062723c751e8b465ee728b)  -> (artifact id: '37d57f17bd8c018042f52666c89a7ca9') in 0.008707 seconds 
========================================================================
Received Prepare
Registering precompiled user dll's ...
Registered in 0.001156 seconds.
Begin MonoManager ReloadAssembly
Symbol file LoadedFromMemory doesn't match image C:\Users\Oliver\Desktop\unity\Unity3D-Python-Communication-master\UIdesign\Library\PackageCache\com.unity.ext.nunit@1.0.0\net35\unity-custom\nunit.framework.dll
Native extension for WindowsStandalone target not found
Refreshing native plugins compatible for Editor in 0.22 ms, found 0 plugins.
Preloading 0 native plugins for Editor in 0.00 ms.
Invoked RoslynAnalysisRunner static constructor.
RoslynAnalysisRunner will not be running.
RoslynAnalysisRunner has terminated.
Mono: successfully reloaded assembly
- Completed reload, in  0.895 seconds
Platform modules already initialized, skipping
Refreshing native plugins compatible for Editor in 0.22 ms, found 0 plugins.
Preloading 0 native plugins for Editor in 0.00 ms.
Unloading 1092 Unused Serialized files (Serialized files now loaded: 0)
System memory in use before: 191.9 MB.
System memory in use after: 192.0 MB.

Unloading 5 unused Assets to reduce memory usage. Loaded Objects now: 1574.
Total: 1.855800 ms (FindLiveObjects: 0.322100 ms CreateObjectMapping: 0.052900 ms MarkObjects: 1.437000 ms  DeleteObjects: 0.042100 ms)

========================================================================
Received Import Request.
  Time since last request: 558.322292 seconds.
  path: Assets/Scripts/UIFramework/StartManager.cs
  artifactKey: Guid(deaae740285a2e44d9425a79d5ba2315) Importer(815301076,1909f56bfc062723c751e8b465ee728b)
Start importing Assets/Scripts/UIFramework/StartManager.cs using Guid(deaae740285a2e44d9425a79d5ba2315) Importer(815301076,1909f56bfc062723c751e8b465ee728b)  -> (artifact id: '202a56a87e1f0adb88b9568a0acac8f0') in 0.006859 seconds 
========================================================================
Received Import Request.
  Time since last request: 0.015308 seconds.
  path: Assets/Scripts/UIFramework/StartPanel.cs
  artifactKey: Guid(2ae4ea409298a4d41918fa24e033aa29) Importer(815301076,1909f56bfc062723c751e8b465ee728b)
Start importing Assets/Scripts/UIFramework/StartPanel.cs using Guid(2ae4ea409298a4d41918fa24e033aa29) Importer(815301076,1909f56bfc062723c751e8b465ee728b)  -> (artifact id: '6438076712a3b8a7c7f8419b6baf786b') in 0.004019 seconds 
========================================================================
Received Import Request.
  Time since last request: 273.106797 seconds.
  path: Assets/Resources/Prefabs/UI/Panel/StartPanel.prefab
  artifactKey: Guid(f6e9867e4a18e9d428a171021e9472fe) Importer(815301076,1909f56bfc062723c751e8b465ee728b)
Start importing Assets/Resources/Prefabs/UI/Panel/StartPanel.prefab using Guid(f6e9867e4a18e9d428a171021e9472fe) Importer(815301076,1909f56bfc062723c751e8b465ee728b)  -> (artifact id: '76a8f69340437ea1da918e22078c736a') in 0.058446 seconds 
========================================================================
Received Import Request.
  Time since last request: 10.018590 seconds.
  path: Assets/Resources/Prefabs/UI/Panel/StartPanel.prefab
  artifactKey: Guid(f6e9867e4a18e9d428a171021e9472fe) Importer(815301076,1909f56bfc062723c751e8b465ee728b)
Start importing Assets/Resources/Prefabs/UI/Panel/StartPanel.prefab using Guid(f6e9867e4a18e9d428a171021e9472fe) Importer(815301076,1909f56bfc062723c751e8b465ee728b)  -> (artifact id: '6529805ed9005d10ef955f8648b95e48') in 0.039558 seconds 
========================================================================
Received Prepare
Registering precompiled user dll's ...
Registered in 0.001182 seconds.
Begin MonoManager ReloadAssembly
Symbol file LoadedFromMemory doesn't match image C:\Users\Oliver\Desktop\unity\Unity3D-Python-Communication-master\UIdesign\Library\PackageCache\com.unity.ext.nunit@1.0.0\net35\unity-custom\nunit.framework.dll
Native extension for WindowsStandalone target not found
Refreshing native plugins compatible for Editor in 0.31 ms, found 0 plugins.
Preloading 0 native plugins for Editor in 0.00 ms.
Invoked RoslynAnalysisRunner static constructor.
RoslynAnalysisRunner will not be running.
RoslynAnalysisRunner has terminated.
Mono: successfully reloaded assembly
- Completed reload, in  0.890 seconds
Platform modules already initialized, skipping
Refreshing native plugins compatible for Editor in 0.18 ms, found 0 plugins.
Preloading 0 native plugins for Editor in 0.00 ms.
Unloading 1092 Unused Serialized files (Serialized files now loaded: 0)
System memory in use before: 192.1 MB.
System memory in use after: 192.2 MB.

Unloading 7 unused Assets to reduce memory usage. Loaded Objects now: 1578.
Total: 2.144800 ms (FindLiveObjects: 0.347700 ms CreateObjectMapping: 0.039700 ms MarkObjects: 1.673400 ms  DeleteObjects: 0.082900 ms)

========================================================================
Received Import Request.
  Time since last request: 308.974424 seconds.
  path: Assets/Scripts/UIFramework/UITool
  artifactKey: Guid(17dbab8135439114daeca876046676c3) Importer(815301076,1909f56bfc062723c751e8b465ee728b)
Start importing Assets/Scripts/UIFramework/UITool using Guid(17dbab8135439114daeca876046676c3) Importer(815301076,1909f56bfc062723c751e8b465ee728b)  -> (artifact id: 'c9f9e4827fac376a28e14ebc15fbb082') in 0.013254 seconds 
========================================================================
Received Import Request.
  Time since last request: 7.378055 seconds.
  path: Assets/Scripts/UIFramework/UITool/UITool.cs
  artifactKey: Guid(e685ae18e456d31439219be975fef9b8) Importer(815301076,1909f56bfc062723c751e8b465ee728b)
Start importing Assets/Scripts/UIFramework/UITool/UITool.cs using Guid(e685ae18e456d31439219be975fef9b8) Importer(815301076,1909f56bfc062723c751e8b465ee728b)  -> (artifact id: '38eef35845e11e14740b2a975a50ba34') in 0.003375 seconds 
========================================================================
Received Prepare
Registering precompiled user dll's ...
Registered in 0.001273 seconds.
Begin MonoManager ReloadAssembly
Symbol file LoadedFromMemory doesn't match image C:\Users\Oliver\Desktop\unity\Unity3D-Python-Communication-master\UIdesign\Library\PackageCache\com.unity.ext.nunit@1.0.0\net35\unity-custom\nunit.framework.dll
Native extension for WindowsStandalone target not found
Refreshing native plugins compatible for Editor in 0.30 ms, found 0 plugins.
Preloading 0 native plugins for Editor in 0.00 ms.
Invoked RoslynAnalysisRunner static constructor.
RoslynAnalysisRunner will not be running.
RoslynAnalysisRunner has terminated.
Mono: successfully reloaded assembly
- Completed reload, in  0.879 seconds
Platform modules already initialized, skipping
Refreshing native plugins compatible for Editor in 0.19 ms, found 0 plugins.
Preloading 0 native plugins for Editor in 0.00 ms.
Unloading 1093 Unused Serialized files (Serialized files now loaded: 0)
System memory in use before: 192.2 MB.
System memory in use after: 192.3 MB.

Unloading 5 unused Assets to reduce memory usage. Loaded Objects now: 1581.
Total: 2.117800 ms (FindLiveObjects: 0.474300 ms CreateObjectMapping: 0.075200 ms MarkObjects: 1.477300 ms  DeleteObjects: 0.086200 ms)

========================================================================
Received Prepare
Registering precompiled user dll's ...
Registered in 0.001906 seconds.
Begin MonoManager ReloadAssembly
Symbol file LoadedFromMemory doesn't match image C:\Users\Oliver\Desktop\unity\Unity3D-Python-Communication-master\UIdesign\Library\PackageCache\com.unity.ext.nunit@1.0.0\net35\unity-custom\nunit.framework.dll
Native extension for WindowsStandalone target not found
Refreshing native plugins compatible for Editor in 0.27 ms, found 0 plugins.
Preloading 0 native plugins for Editor in 0.00 ms.
Invoked RoslynAnalysisRunner static constructor.
RoslynAnalysisRunner will not be running.
RoslynAnalysisRunner has terminated.
Mono: successfully reloaded assembly
- Completed reload, in  1.014 seconds
Platform modules already initialized, skipping
Refreshing native plugins compatible for Editor in 0.25 ms, found 0 plugins.
Preloading 0 native plugins for Editor in 0.00 ms.
Unloading 1093 Unused Serialized files (Serialized files now loaded: 0)
System memory in use before: 192.3 MB.
System memory in use after: 192.4 MB.

Unloading 5 unused Assets to reduce memory usage. Loaded Objects now: 1583.
Total: 3.380700 ms (FindLiveObjects: 0.494000 ms CreateObjectMapping: 0.092800 ms MarkObjects: 2.699300 ms  DeleteObjects: 0.091500 ms)

========================================================================
Received Import Request.
  Time since last request: 10099.244687 seconds.
  path: Assets/Scripts/UIFramework/UITool/UITool.cs
  artifactKey: Guid(e685ae18e456d31439219be975fef9b8) Importer(815301076,1909f56bfc062723c751e8b465ee728b)
Start importing Assets/Scripts/UIFramework/UITool/UITool.cs using Guid(e685ae18e456d31439219be975fef9b8) Importer(815301076,1909f56bfc062723c751e8b465ee728b)  -> (artifact id: 'a10c894ab1a1d0c7b2f272f7786dec91') in 0.017065 seconds 
========================================================================
Received Prepare
Registering precompiled user dll's ...
Registered in 0.001116 seconds.
Begin MonoManager ReloadAssembly
Symbol file LoadedFromMemory doesn't match image C:\Users\Oliver\Desktop\unity\Unity3D-Python-Communication-master\UIdesign\Library\PackageCache\com.unity.ext.nunit@1.0.0\net35\unity-custom\nunit.framework.dll
Native extension for WindowsStandalone target not found
Refreshing native plugins compatible for Editor in 0.25 ms, found 0 plugins.
Preloading 0 native plugins for Editor in 0.00 ms.
Invoked RoslynAnalysisRunner static constructor.
RoslynAnalysisRunner will not be running.
RoslynAnalysisRunner has terminated.
Mono: successfully reloaded assembly
- Completed reload, in  0.990 seconds
Platform modules already initialized, skipping
Refreshing native plugins compatible for Editor in 0.19 ms, found 0 plugins.
Preloading 0 native plugins for Editor in 0.00 ms.
Unloading 1093 Unused Serialized files (Serialized files now loaded: 0)
System memory in use before: 192.4 MB.
System memory in use after: 192.4 MB.

Unloading 5 unused Assets to reduce memory usage. Loaded Objects now: 1585.
Total: 1.943000 ms (FindLiveObjects: 0.309200 ms CreateObjectMapping: 0.042100 ms MarkObjects: 1.550700 ms  DeleteObjects: 0.039400 ms)

========================================================================
Received Prepare
Registering precompiled user dll's ...
Registered in 0.001119 seconds.
Begin MonoManager ReloadAssembly
Symbol file LoadedFromMemory doesn't match image C:\Users\Oliver\Desktop\unity\Unity3D-Python-Communication-master\UIdesign\Library\PackageCache\com.unity.ext.nunit@1.0.0\net35\unity-custom\nunit.framework.dll
Native extension for WindowsStandalone target not found
Refreshing native plugins compatible for Editor in 0.23 ms, found 0 plugins.
Preloading 0 native plugins for Editor in 0.00 ms.
Invoked RoslynAnalysisRunner static constructor.
RoslynAnalysisRunner will not be running.
RoslynAnalysisRunner has terminated.
Mono: successfully reloaded assembly
- Completed reload, in  0.969 seconds
Platform modules already initialized, skipping
Refreshing native plugins compatible for Editor in 0.19 ms, found 0 plugins.
Preloading 0 native plugins for Editor in 0.00 ms.
Unloading 1093 Unused Serialized files (Serialized files now loaded: 0)
System memory in use before: 192.4 MB.
System memory in use after: 192.5 MB.

Unloading 5 unused Assets to reduce memory usage. Loaded Objects now: 1587.
Total: 1.896800 ms (FindLiveObjects: 0.391500 ms CreateObjectMapping: 0.087700 ms MarkObjects: 1.379700 ms  DeleteObjects: 0.036700 ms)

========================================================================
Received Import Request.
  Time since last request: 404.500569 seconds.
  path: Assets/Scripts/UIFramework/BasePanel.cs
  artifactKey: Guid(4f2d2f581ccaa2243b2f4b3d5a95e857) Importer(815301076,1909f56bfc062723c751e8b465ee728b)
Start importing Assets/Scripts/UIFramework/BasePanel.cs using Guid(4f2d2f581ccaa2243b2f4b3d5a95e857) Importer(815301076,1909f56bfc062723c751e8b465ee728b)  -> (artifact id: 'b52aab677b9c55d154fe8aea333ae081') in 0.004862 seconds 
========================================================================
Received Import Request.
  Time since last request: 0.016797 seconds.
  path: Assets/Scripts/UIFramework/StartPanel.cs
  artifactKey: Guid(2ae4ea409298a4d41918fa24e033aa29) Importer(815301076,1909f56bfc062723c751e8b465ee728b)
Start importing Assets/Scripts/UIFramework/StartPanel.cs using Guid(2ae4ea409298a4d41918fa24e033aa29) Importer(815301076,1909f56bfc062723c751e8b465ee728b)  -> (artifact id: '60e74aea9146228a49b00ed2864d80ff') in 0.009326 seconds 
========================================================================
Received Import Request.
  Time since last request: 8.475074 seconds.
  path: Assets/Scripts/UIFramework/Panels
  artifactKey: Guid(1f58ddaa8185dc54197ae5b3b368525f) Importer(815301076,1909f56bfc062723c751e8b465ee728b)
Start importing Assets/Scripts/UIFramework/Panels using Guid(1f58ddaa8185dc54197ae5b3b368525f) Importer(815301076,1909f56bfc062723c751e8b465ee728b)  -> (artifact id: '8064480065492afbe4d0ac1f74a207ca') in 0.010273 seconds 
========================================================================
Received Prepare
Registering precompiled user dll's ...
Registered in 0.001233 seconds.
Begin MonoManager ReloadAssembly
Symbol file LoadedFromMemory doesn't match image C:\Users\Oliver\Desktop\unity\Unity3D-Python-Communication-master\UIdesign\Library\PackageCache\com.unity.ext.nunit@1.0.0\net35\unity-custom\nunit.framework.dll
Native extension for WindowsStandalone target not found
Refreshing native plugins compatible for Editor in 0.22 ms, found 0 plugins.
Preloading 0 native plugins for Editor in 0.00 ms.
Invoked RoslynAnalysisRunner static constructor.
RoslynAnalysisRunner will not be running.
RoslynAnalysisRunner has terminated.
Mono: successfully reloaded assembly
- Completed reload, in  1.063 seconds
Platform modules already initialized, skipping
Refreshing native plugins compatible for Editor in 0.22 ms, found 0 plugins.
Preloading 0 native plugins for Editor in 0.00 ms.
Unloading 1093 Unused Serialized files (Serialized files now loaded: 0)
System memory in use before: 192.5 MB.
System memory in use after: 192.6 MB.

Unloading 5 unused Assets to reduce memory usage. Loaded Objects now: 1589.
Total: 1.815900 ms (FindLiveObjects: 0.318100 ms CreateObjectMapping: 0.042300 ms MarkObjects: 1.377000 ms  DeleteObjects: 0.077600 ms)

========================================================================
Received Import Request.
  Time since last request: 14.590309 seconds.
  path: Assets/Scripts/UIFramework/Panels/SettingsPanel.cs
  artifactKey: Guid(d8293f84c025c064b90860d5b3531154) Importer(815301076,1909f56bfc062723c751e8b465ee728b)
Start importing Assets/Scripts/UIFramework/Panels/SettingsPanel.cs using Guid(d8293f84c025c064b90860d5b3531154) Importer(815301076,1909f56bfc062723c751e8b465ee728b)  -> (artifact id: '548bcba6940a5e461dc1cbe0d0c59124') in 0.021918 seconds 
========================================================================
Received Prepare
Registering precompiled user dll's ...
Registered in 0.001165 seconds.
Begin MonoManager ReloadAssembly
Symbol file LoadedFromMemory doesn't match image C:\Users\Oliver\Desktop\unity\Unity3D-Python-Communication-master\UIdesign\Library\PackageCache\com.unity.ext.nunit@1.0.0\net35\unity-custom\nunit.framework.dll
Native extension for WindowsStandalone target not found
Refreshing native plugins compatible for Editor in 0.24 ms, found 0 plugins.
Preloading 0 native plugins for Editor in 0.00 ms.
Invoked RoslynAnalysisRunner static constructor.
RoslynAnalysisRunner will not be running.
RoslynAnalysisRunner has terminated.
Mono: successfully reloaded assembly
- Completed reload, in  0.890 seconds
Platform modules already initialized, skipping
Refreshing native plugins compatible for Editor in 0.19 ms, found 0 plugins.
Preloading 0 native plugins for Editor in 0.00 ms.
Unloading 1094 Unused Serialized files (Serialized files now loaded: 0)
System memory in use before: 192.6 MB.
System memory in use after: 192.7 MB.

Unloading 5 unused Assets to reduce memory usage. Loaded Objects now: 1592.
Total: 2.546700 ms (FindLiveObjects: 0.477500 ms CreateObjectMapping: 0.059200 ms MarkObjects: 1.947900 ms  DeleteObjects: 0.060700 ms)

========================================================================
Received Prepare
Registering precompiled user dll's ...
Registered in 0.001234 seconds.
Begin MonoManager ReloadAssembly
Symbol file LoadedFromMemory doesn't match image C:\Users\Oliver\Desktop\unity\Unity3D-Python-Communication-master\UIdesign\Library\PackageCache\com.unity.ext.nunit@1.0.0\net35\unity-custom\nunit.framework.dll
Native extension for WindowsStandalone target not found
Refreshing native plugins compatible for Editor in 0.20 ms, found 0 plugins.
Preloading 0 native plugins for Editor in 0.00 ms.
Invoked RoslynAnalysisRunner static constructor.
RoslynAnalysisRunner will not be running.
RoslynAnalysisRunner has terminated.
Mono: successfully reloaded assembly
- Completed reload, in  0.949 seconds
Platform modules already initialized, skipping
Refreshing native plugins compatible for Editor in 0.19 ms, found 0 plugins.
Preloading 0 native plugins for Editor in 0.00 ms.
Unloading 1094 Unused Serialized files (Serialized files now loaded: 0)
System memory in use before: 192.7 MB.
System memory in use after: 192.8 MB.

Unloading 5 unused Assets to reduce memory usage. Loaded Objects now: 1594.
Total: 2.798700 ms (FindLiveObjects: 1.085500 ms CreateObjectMapping: 0.129900 ms MarkObjects: 1.540900 ms  DeleteObjects: 0.040400 ms)

========================================================================
Received Import Request.
  Time since last request: 134.588769 seconds.
  path: Assets/Scripts/UIFramework/Panels/SettingsPanel.cs
  artifactKey: Guid(d8293f84c025c064b90860d5b3531154) Importer(815301076,1909f56bfc062723c751e8b465ee728b)
Start importing Assets/Scripts/UIFramework/Panels/SettingsPanel.cs using Guid(d8293f84c025c064b90860d5b3531154) Importer(815301076,1909f56bfc062723c751e8b465ee728b)  -> (artifact id: 'd717a85477cb4e81867ed4d0a78cea56') in 0.004868 seconds 
========================================================================
Received Prepare
Registering precompiled user dll's ...
Registered in 0.001112 seconds.
Begin MonoManager ReloadAssembly
Symbol file LoadedFromMemory doesn't match image C:\Users\Oliver\Desktop\unity\Unity3D-Python-Communication-master\UIdesign\Library\PackageCache\com.unity.ext.nunit@1.0.0\net35\unity-custom\nunit.framework.dll
Native extension for WindowsStandalone target not found
Refreshing native plugins compatible for Editor in 0.22 ms, found 0 plugins.
Preloading 0 native plugins for Editor in 0.00 ms.
Invoked RoslynAnalysisRunner static constructor.
RoslynAnalysisRunner will not be running.
RoslynAnalysisRunner has terminated.
Mono: successfully reloaded assembly
- Completed reload, in  0.999 seconds
Platform modules already initialized, skipping
Refreshing native plugins compatible for Editor in 0.18 ms, found 0 plugins.
Preloading 0 native plugins for Editor in 0.00 ms.
Unloading 1094 Unused Serialized files (Serialized files now loaded: 0)
System memory in use before: 192.8 MB.
System memory in use after: 192.8 MB.

Unloading 5 unused Assets to reduce memory usage. Loaded Objects now: 1596.
Total: 1.882600 ms (FindLiveObjects: 0.328500 ms CreateObjectMapping: 0.060800 ms MarkObjects: 1.453100 ms  DeleteObjects: 0.039100 ms)

========================================================================
Received Prepare
Registering precompiled user dll's ...
Registered in 0.001082 seconds.
Begin MonoManager ReloadAssembly
Symbol file LoadedFromMemory doesn't match image C:\Users\Oliver\Desktop\unity\Unity3D-Python-Communication-master\UIdesign\Library\PackageCache\com.unity.ext.nunit@1.0.0\net35\unity-custom\nunit.framework.dll
Native extension for WindowsStandalone target not found
Refreshing native plugins compatible for Editor in 0.19 ms, found 0 plugins.
Preloading 0 native plugins for Editor in 0.00 ms.
Invoked RoslynAnalysisRunner static constructor.
RoslynAnalysisRunner will not be running.
RoslynAnalysisRunner has terminated.
Mono: successfully reloaded assembly
- Completed reload, in  0.912 seconds
Platform modules already initialized, skipping
Refreshing native plugins compatible for Editor in 0.18 ms, found 0 plugins.
Preloading 0 native plugins for Editor in 0.00 ms.
Unloading 1094 Unused Serialized files (Serialized files now loaded: 0)
System memory in use before: 192.8 MB.
System memory in use after: 192.9 MB.

Unloading 5 unused Assets to reduce memory usage. Loaded Objects now: 1598.
Total: 2.676100 ms (FindLiveObjects: 0.789500 ms CreateObjectMapping: 0.063200 ms MarkObjects: 1.779000 ms  DeleteObjects: 0.042800 ms)

========================================================================
Received Import Request.
  Time since last request: 823.019191 seconds.
  path: Assets/Resources/Prefabs/UI/Panel/SettingsPanel.prefab
  artifactKey: Guid(32d9d4fdb76397042a23cfe20fd65a68) Importer(815301076,1909f56bfc062723c751e8b465ee728b)
Start importing Assets/Resources/Prefabs/UI/Panel/SettingsPanel.prefab using Guid(32d9d4fdb76397042a23cfe20fd65a68) Importer(815301076,1909f56bfc062723c751e8b465ee728b)  -> (artifact id: '0bf493c649bed4d33fff329aa37c2779') in 0.032745 seconds 
========================================================================
Received Import Request.
  Time since last request: 8.230169 seconds.
  path: Assets/Resources/Prefabs/UI/Panel/SettingsPanel.prefab
  artifactKey: Guid(32d9d4fdb76397042a23cfe20fd65a68) Importer(815301076,1909f56bfc062723c751e8b465ee728b)
Start importing Assets/Resources/Prefabs/UI/Panel/SettingsPanel.prefab using Guid(32d9d4fdb76397042a23cfe20fd65a68) Importer(815301076,1909f56bfc062723c751e8b465ee728b)  -> (artifact id: '59af37dde5711d67b644f31a75c73daa') in 0.038433 seconds 
========================================================================
Received Prepare
Registering precompiled user dll's ...
Registered in 0.001229 seconds.
Begin MonoManager ReloadAssembly
Symbol file LoadedFromMemory doesn't match image C:\Users\Oliver\Desktop\unity\Unity3D-Python-Communication-master\UIdesign\Library\PackageCache\com.unity.ext.nunit@1.0.0\net35\unity-custom\nunit.framework.dll
Native extension for WindowsStandalone target not found
Refreshing native plugins compatible for Editor in 0.18 ms, found 0 plugins.
Preloading 0 native plugins for Editor in 0.00 ms.
Invoked RoslynAnalysisRunner static constructor.
RoslynAnalysisRunner will not be running.
RoslynAnalysisRunner has terminated.
Mono: successfully reloaded assembly
- Completed reload, in  1.155 seconds
Platform modules already initialized, skipping
Refreshing native plugins compatible for Editor in 0.20 ms, found 0 plugins.
Preloading 0 native plugins for Editor in 0.00 ms.
Unloading 1094 Unused Serialized files (Serialized files now loaded: 0)
System memory in use before: 192.9 MB.
System memory in use after: 193.0 MB.

Unloading 8 unused Assets to reduce memory usage. Loaded Objects now: 1600.
Total: 1.897700 ms (FindLiveObjects: 0.325500 ms CreateObjectMapping: 0.042500 ms MarkObjects: 1.481300 ms  DeleteObjects: 0.047400 ms)

========================================================================
Received Prepare
Registering precompiled user dll's ...
Registered in 0.001188 seconds.
Begin MonoManager ReloadAssembly
Symbol file LoadedFromMemory doesn't match image C:\Users\Oliver\Desktop\unity\Unity3D-Python-Communication-master\UIdesign\Library\PackageCache\com.unity.ext.nunit@1.0.0\net35\unity-custom\nunit.framework.dll
Native extension for WindowsStandalone target not found
Refreshing native plugins compatible for Editor in 0.22 ms, found 0 plugins.
Preloading 0 native plugins for Editor in 0.00 ms.
Invoked RoslynAnalysisRunner static constructor.
RoslynAnalysisRunner will not be running.
RoslynAnalysisRunner has terminated.
Mono: successfully reloaded assembly
- Completed reload, in  0.900 seconds
Platform modules already initialized, skipping
Refreshing native plugins compatible for Editor in 0.19 ms, found 0 plugins.
Preloading 0 native plugins for Editor in 0.00 ms.
Unloading 1094 Unused Serialized files (Serialized files now loaded: 0)
System memory in use before: 193.0 MB.
System memory in use after: 193.1 MB.

Unloading 5 unused Assets to reduce memory usage. Loaded Objects now: 1602.
Total: 2.431600 ms (FindLiveObjects: 0.472500 ms CreateObjectMapping: 0.090200 ms MarkObjects: 1.827900 ms  DeleteObjects: 0.039900 ms)

========================================================================
Received Import Request.
  Time since last request: 424.034994 seconds.
  path: Assets/Resources/Prefabs/UI/Panel/StartPanel.prefab
  artifactKey: Guid(f6e9867e4a18e9d428a171021e9472fe) Importer(815301076,1909f56bfc062723c751e8b465ee728b)
Start importing Assets/Resources/Prefabs/UI/Panel/StartPanel.prefab using Guid(f6e9867e4a18e9d428a171021e9472fe) Importer(815301076,1909f56bfc062723c751e8b465ee728b)  -> (artifact id: 'ce290e62e1f336b5f40e1ee505f0e3dc') in 0.039325 seconds 
========================================================================
Received Prepare
Registering precompiled user dll's ...
Registered in 0.001143 seconds.
Begin MonoManager ReloadAssembly
Symbol file LoadedFromMemory doesn't match image C:\Users\Oliver\Desktop\unity\Unity3D-Python-Communication-master\UIdesign\Library\PackageCache\com.unity.ext.nunit@1.0.0\net35\unity-custom\nunit.framework.dll
Native extension for WindowsStandalone target not found
Refreshing native plugins compatible for Editor in 0.23 ms, found 0 plugins.
Preloading 0 native plugins for Editor in 0.00 ms.
Invoked RoslynAnalysisRunner static constructor.
RoslynAnalysisRunner will not be running.
RoslynAnalysisRunner has terminated.
Mono: successfully reloaded assembly
- Completed reload, in  0.860 seconds
Platform modules already initialized, skipping
Refreshing native plugins compatible for Editor in 0.19 ms, found 0 plugins.
Preloading 0 native plugins for Editor in 0.00 ms.
Unloading 1094 Unused Serialized files (Serialized files now loaded: 0)
System memory in use before: 193.1 MB.
System memory in use after: 193.2 MB.

Unloading 7 unused Assets to reduce memory usage. Loaded Objects now: 1604.
Total: 2.189900 ms (FindLiveObjects: 0.275600 ms CreateObjectMapping: 0.067200 ms MarkObjects: 1.797300 ms  DeleteObjects: 0.048700 ms)

========================================================================
Received Import Request.
  Time since last request: 35.492756 seconds.
  path: Assets/Resources/Prefabs/UI/Panel/StartPrefab.prefab
  artifactKey: Guid(adf266e98f817374985c21434f450d80) Importer(815301076,1909f56bfc062723c751e8b465ee728b)
Start importing Assets/Resources/Prefabs/UI/Panel/StartPrefab.prefab using Guid(adf266e98f817374985c21434f450d80) Importer(815301076,1909f56bfc062723c751e8b465ee728b)  -> (artifact id: '4296232049a8ed2e336a17791c701248') in 0.034724 seconds 
========================================================================
Received Import Request.
  Time since last request: 5.595281 seconds.
  path: Assets/Resources/Prefabs/UI/Panel/StartPrefab.prefab
  artifactKey: Guid(adf266e98f817374985c21434f450d80) Importer(815301076,1909f56bfc062723c751e8b465ee728b)
Start importing Assets/Resources/Prefabs/UI/Panel/StartPrefab.prefab using Guid(adf266e98f817374985c21434f450d80) Importer(815301076,1909f56bfc062723c751e8b465ee728b)  -> (artifact id: 'e1b22e833070656c7914fe9fb97d0d91') in 0.022368 seconds 
========================================================================
Received Prepare
Registering precompiled user dll's ...
Registered in 0.001177 seconds.
Begin MonoManager ReloadAssembly
Symbol file LoadedFromMemory doesn't match image C:\Users\Oliver\Desktop\unity\Unity3D-Python-Communication-master\UIdesign\Library\PackageCache\com.unity.ext.nunit@1.0.0\net35\unity-custom\nunit.framework.dll
Native extension for WindowsStandalone target not found
Refreshing native plugins compatible for Editor in 0.28 ms, found 0 plugins.
Preloading 0 native plugins for Editor in 0.00 ms.
Invoked RoslynAnalysisRunner static constructor.
RoslynAnalysisRunner will not be running.
RoslynAnalysisRunner has terminated.
Mono: successfully reloaded assembly
- Completed reload, in  0.891 seconds
Platform modules already initialized, skipping
Refreshing native plugins compatible for Editor in 0.22 ms, found 0 plugins.
Preloading 0 native plugins for Editor in 0.00 ms.
Unloading 1094 Unused Serialized files (Serialized files now loaded: 0)
System memory in use before: 192.2 MB.
System memory in use after: 192.2 MB.

Unloading 7 unused Assets to reduce memory usage. Loaded Objects now: 1606.
Total: 3.070000 ms (FindLiveObjects: 0.386600 ms CreateObjectMapping: 0.058800 ms MarkObjects: 2.537500 ms  DeleteObjects: 0.085800 ms)

========================================================================
Received Import Request.
  Time since last request: 39.646829 seconds.
  path: Assets/Resources/Prefabs/UI/Panel/StartPanel.prefab
  artifactKey: Guid(adf266e98f817374985c21434f450d80) Importer(815301076,1909f56bfc062723c751e8b465ee728b)
Start importing Assets/Resources/Prefabs/UI/Panel/StartPanel.prefab using Guid(adf266e98f817374985c21434f450d80) Importer(815301076,1909f56bfc062723c751e8b465ee728b)  -> (artifact id: '9ae1a73ea3e297f7ce2ae3615ff99066') in 0.045377 seconds 
========================================================================
Received Prepare
Registering precompiled user dll's ...
Registered in 0.001710 seconds.
Begin MonoManager ReloadAssembly
Symbol file LoadedFromMemory doesn't match image C:\Users\Oliver\Desktop\unity\Unity3D-Python-Communication-master\UIdesign\Library\PackageCache\com.unity.ext.nunit@1.0.0\net35\unity-custom\nunit.framework.dll
Native extension for WindowsStandalone target not found
Refreshing native plugins compatible for Editor in 0.25 ms, found 0 plugins.
Preloading 0 native plugins for Editor in 0.00 ms.
Invoked RoslynAnalysisRunner static constructor.
RoslynAnalysisRunner will not be running.
RoslynAnalysisRunner has terminated.
Mono: successfully reloaded assembly
- Completed reload, in  0.907 seconds
Platform modules already initialized, skipping
Refreshing native plugins compatible for Editor in 0.21 ms, found 0 plugins.
Preloading 0 native plugins for Editor in 0.00 ms.
Unloading 1094 Unused Serialized files (Serialized files now loaded: 0)
System memory in use before: 192.3 MB.
System memory in use after: 192.3 MB.

Unloading 7 unused Assets to reduce memory usage. Loaded Objects now: 1608.
Total: 2.351800 ms (FindLiveObjects: 0.473400 ms CreateObjectMapping: 0.047800 ms MarkObjects: 1.784300 ms  DeleteObjects: 0.045000 ms)

========================================================================
Received Prepare
Registering precompiled user dll's ...
Registered in 0.001084 seconds.
Begin MonoManager ReloadAssembly
Symbol file LoadedFromMemory doesn't match image C:\Users\Oliver\Desktop\unity\Unity3D-Python-Communication-master\UIdesign\Library\PackageCache\com.unity.ext.nunit@1.0.0\net35\unity-custom\nunit.framework.dll
Native extension for WindowsStandalone target not found
Refreshing native plugins compatible for Editor in 0.24 ms, found 0 plugins.
Preloading 0 native plugins for Editor in 0.00 ms.
Invoked RoslynAnalysisRunner static constructor.
RoslynAnalysisRunner will not be running.
RoslynAnalysisRunner has terminated.
Mono: successfully reloaded assembly
- Completed reload, in  0.995 seconds
Platform modules already initialized, skipping
Refreshing native plugins compatible for Editor in 0.18 ms, found 0 plugins.
Preloading 0 native plugins for Editor in 0.00 ms.
Unloading 1094 Unused Serialized files (Serialized files now loaded: 0)
System memory in use before: 192.3 MB.
System memory in use after: 192.4 MB.

Unloading 5 unused Assets to reduce memory usage. Loaded Objects now: 1610.
Total: 1.889000 ms (FindLiveObjects: 0.313100 ms CreateObjectMapping: 0.053600 ms MarkObjects: 1.477600 ms  DeleteObjects: 0.043300 ms)

========================================================================
Received Import Request.
  Time since last request: 92.672235 seconds.
  path: Assets/Resources/Prefabs/UI/Panel/StartPanel.prefab
  artifactKey: Guid(adf266e98f817374985c21434f450d80) Importer(815301076,1909f56bfc062723c751e8b465ee728b)
Start importing Assets/Resources/Prefabs/UI/Panel/StartPanel.prefab using Guid(adf266e98f817374985c21434f450d80) Importer(815301076,1909f56bfc062723c751e8b465ee728b)  -> (artifact id: '099a1e3ecb04c1dd569d414a9332cad4') in 0.028361 seconds 
========================================================================
Received Prepare
Registering precompiled user dll's ...
Registered in 0.001032 seconds.
Begin MonoManager ReloadAssembly
Symbol file LoadedFromMemory doesn't match image C:\Users\Oliver\Desktop\unity\Unity3D-Python-Communication-master\UIdesign\Library\PackageCache\com.unity.ext.nunit@1.0.0\net35\unity-custom\nunit.framework.dll
Native extension for WindowsStandalone target not found
Refreshing native plugins compatible for Editor in 0.19 ms, found 0 plugins.
Preloading 0 native plugins for Editor in 0.00 ms.
Invoked RoslynAnalysisRunner static constructor.
RoslynAnalysisRunner will not be running.
RoslynAnalysisRunner has terminated.
Mono: successfully reloaded assembly
- Completed reload, in  0.886 seconds
Platform modules already initialized, skipping
Refreshing native plugins compatible for Editor in 0.19 ms, found 0 plugins.
Preloading 0 native plugins for Editor in 0.00 ms.
Unloading 1094 Unused Serialized files (Serialized files now loaded: 0)
System memory in use before: 192.4 MB.
System memory in use after: 192.5 MB.

Unloading 5 unused Assets to reduce memory usage. Loaded Objects now: 1612.
Total: 1.929000 ms (FindLiveObjects: 0.275500 ms CreateObjectMapping: 0.044800 ms MarkObjects: 1.568200 ms  DeleteObjects: 0.039200 ms)

========================================================================
Received Import Request.
  Time since last request: 452.368819 seconds.
  path: Assets/Resources/Prefabs/UI/Panel/StartPanel.prefab
  artifactKey: Guid(adf266e98f817374985c21434f450d80) Importer(815301076,1909f56bfc062723c751e8b465ee728b)
Start importing Assets/Resources/Prefabs/UI/Panel/StartPanel.prefab using Guid(adf266e98f817374985c21434f450d80) Importer(815301076,1909f56bfc062723c751e8b465ee728b)  -> (artifact id: 'c7ab410ab776d315b6a4d4b045de16ae') in 0.029869 seconds 
========================================================================
Received Import Request.
  Time since last request: 8.598066 seconds.
  path: Assets/Resources/Prefabs/UI/Panel/StartPanel.prefab
  artifactKey: Guid(adf266e98f817374985c21434f450d80) Importer(815301076,1909f56bfc062723c751e8b465ee728b)
Start importing Assets/Resources/Prefabs/UI/Panel/StartPanel.prefab using Guid(adf266e98f817374985c21434f450d80) Importer(815301076,1909f56bfc062723c751e8b465ee728b)  -> (artifact id: 'e28cd5f06f13243b7015278394c8b4bb') in 0.027923 seconds 
========================================================================
Received Prepare
Registering precompiled user dll's ...
Registered in 0.001127 seconds.
Begin MonoManager ReloadAssembly
Symbol file LoadedFromMemory doesn't match image C:\Users\Oliver\Desktop\unity\Unity3D-Python-Communication-master\UIdesign\Library\PackageCache\com.unity.ext.nunit@1.0.0\net35\unity-custom\nunit.framework.dll
Native extension for WindowsStandalone target not found
Refreshing native plugins compatible for Editor in 0.21 ms, found 0 plugins.
Preloading 0 native plugins for Editor in 0.00 ms.
Invoked RoslynAnalysisRunner static constructor.
RoslynAnalysisRunner will not be running.
RoslynAnalysisRunner has terminated.
Mono: successfully reloaded assembly
- Completed reload, in  0.859 seconds
Platform modules already initialized, skipping
Refreshing native plugins compatible for Editor in 0.21 ms, found 0 plugins.
Preloading 0 native plugins for Editor in 0.00 ms.
Unloading 1094 Unused Serialized files (Serialized files now loaded: 0)
System memory in use before: 192.5 MB.
System memory in use after: 192.6 MB.

Unloading 7 unused Assets to reduce memory usage. Loaded Objects now: 1614.
Total: 2.382400 ms (FindLiveObjects: 0.430300 ms CreateObjectMapping: 0.056600 ms MarkObjects: 1.845800 ms  DeleteObjects: 0.048600 ms)

========================================================================
Received Prepare
Registering precompiled user dll's ...
Registered in 0.001061 seconds.
Begin MonoManager ReloadAssembly
Symbol file LoadedFromMemory doesn't match image C:\Users\Oliver\Desktop\unity\Unity3D-Python-Communication-master\UIdesign\Library\PackageCache\com.unity.ext.nunit@1.0.0\net35\unity-custom\nunit.framework.dll
Native extension for WindowsStandalone target not found
Refreshing native plugins compatible for Editor in 0.19 ms, found 0 plugins.
Preloading 0 native plugins for Editor in 0.00 ms.
Invoked RoslynAnalysisRunner static constructor.
RoslynAnalysisRunner will not be running.
RoslynAnalysisRunner has terminated.
Mono: successfully reloaded assembly
- Completed reload, in  0.866 seconds
Platform modules already initialized, skipping
Refreshing native plugins compatible for Editor in 0.19 ms, found 0 plugins.
Preloading 0 native plugins for Editor in 0.00 ms.
Unloading 1094 Unused Serialized files (Serialized files now loaded: 0)
System memory in use before: 192.6 MB.
System memory in use after: 192.6 MB.

Unloading 5 unused Assets to reduce memory usage. Loaded Objects now: 1616.
Total: 2.291600 ms (FindLiveObjects: 0.366600 ms CreateObjectMapping: 0.077100 ms MarkObjects: 1.805900 ms  DeleteObjects: 0.041100 ms)

========================================================================
Received Import Request.
  Time since last request: 314.605977 seconds.
  path: Assets/Resources/Prefabs/UI/Panel/SettingsPanel.prefab
  artifactKey: Guid(32d9d4fdb76397042a23cfe20fd65a68) Importer(815301076,1909f56bfc062723c751e8b465ee728b)
Start importing Assets/Resources/Prefabs/UI/Panel/SettingsPanel.prefab using Guid(32d9d4fdb76397042a23cfe20fd65a68) Importer(815301076,1909f56bfc062723c751e8b465ee728b)  -> (artifact id: 'e2aeb9af8fc5f8d281010a784707c3fd') in 0.043381 seconds 
========================================================================
Received Import Request.
  Time since last request: 40.157552 seconds.
  path: Assets/Resources/Prefabs/UI/Panel/SettingsPanel.prefab
  artifactKey: Guid(32d9d4fdb76397042a23cfe20fd65a68) Importer(815301076,1909f56bfc062723c751e8b465ee728b)
Start importing Assets/Resources/Prefabs/UI/Panel/SettingsPanel.prefab using Guid(32d9d4fdb76397042a23cfe20fd65a68) Importer(815301076,1909f56bfc062723c751e8b465ee728b)  -> (artifact id: 'f00095f622c256397c0248c9d55750fe') in 0.005782 seconds 
========================================================================
Received Import Request.
  Time since last request: 0.599026 seconds.
  path: Assets/Resources/Prefabs/UI/Panel/SettingsPanel.prefab
  artifactKey: Guid(32d9d4fdb76397042a23cfe20fd65a68) Importer(815301076,1909f56bfc062723c751e8b465ee728b)
Start importing Assets/Resources/Prefabs/UI/Panel/SettingsPanel.prefab using Guid(32d9d4fdb76397042a23cfe20fd65a68) Importer(815301076,1909f56bfc062723c751e8b465ee728b)  -> (artifact id: '857924d225a2c07edb6dba3bcd8d1689') in 0.005200 seconds 
========================================================================
Received Import Request.
  Time since last request: 0.604054 seconds.
  path: Assets/Resources/Prefabs/UI/Panel/SettingsPanel.prefab
  artifactKey: Guid(32d9d4fdb76397042a23cfe20fd65a68) Importer(815301076,1909f56bfc062723c751e8b465ee728b)
Start importing Assets/Resources/Prefabs/UI/Panel/SettingsPanel.prefab using Guid(32d9d4fdb76397042a23cfe20fd65a68) Importer(815301076,1909f56bfc062723c751e8b465ee728b)  -> (artifact id: '6f28f174e189a3cc4f03217bd99f64c8') in 0.004858 seconds 
========================================================================
Received Import Request.
  Time since last request: 2.203646 seconds.
  path: Assets/Resources/Prefabs/UI/Panel/SettingsPanel.prefab
  artifactKey: Guid(32d9d4fdb76397042a23cfe20fd65a68) Importer(815301076,1909f56bfc062723c751e8b465ee728b)
Start importing Assets/Resources/Prefabs/UI/Panel/SettingsPanel.prefab using Guid(32d9d4fdb76397042a23cfe20fd65a68) Importer(815301076,1909f56bfc062723c751e8b465ee728b)  -> (artifact id: '0e75ba605498d9c3868e9e14c7d92368') in 0.005595 seconds 
========================================================================
Received Prepare
Registering precompiled user dll's ...
Registered in 0.001216 seconds.
Begin MonoManager ReloadAssembly
Symbol file LoadedFromMemory doesn't match image C:\Users\Oliver\Desktop\unity\Unity3D-Python-Communication-master\UIdesign\Library\PackageCache\com.unity.ext.nunit@1.0.0\net35\unity-custom\nunit.framework.dll
Native extension for WindowsStandalone target not found
Refreshing native plugins compatible for Editor in 0.31 ms, found 0 plugins.
Preloading 0 native plugins for Editor in 0.00 ms.
Invoked RoslynAnalysisRunner static constructor.
RoslynAnalysisRunner will not be running.
RoslynAnalysisRunner has terminated.
Mono: successfully reloaded assembly
- Completed reload, in  1.342 seconds
Platform modules already initialized, skipping
Refreshing native plugins compatible for Editor in 0.91 ms, found 0 plugins.
Preloading 0 native plugins for Editor in 0.00 ms.
Unloading 1094 Unused Serialized files (Serialized files now loaded: 0)
System memory in use before: 192.6 MB.
System memory in use after: 192.7 MB.

Unloading 8 unused Assets to reduce memory usage. Loaded Objects now: 1618.
Total: 4.558100 ms (FindLiveObjects: 1.092200 ms CreateObjectMapping: 0.096300 ms MarkObjects: 3.097500 ms  DeleteObjects: 0.265400 ms)

========================================================================
Received Import Request.
  Time since last request: 735.623533 seconds.
  path: Assets/Scripts/Scene
  artifactKey: Guid(38f818236c236b64c975cc675822f9a0) Importer(815301076,1909f56bfc062723c751e8b465ee728b)
Start importing Assets/Scripts/Scene using Guid(38f818236c236b64c975cc675822f9a0) Importer(815301076,1909f56bfc062723c751e8b465ee728b)  -> (artifact id: 'd7ba7fcb509c822aeabd894e1ee52342') in 0.019256 seconds 
========================================================================
Received Import Request.
  Time since last request: 8.272775 seconds.
  path: Assets/Scripts/Scene/Scene.cs
  artifactKey: Guid(15e60e5b7d84c4145b6b1f5f60dc0aa7) Importer(815301076,1909f56bfc062723c751e8b465ee728b)
Start importing Assets/Scripts/Scene/Scene.cs using Guid(15e60e5b7d84c4145b6b1f5f60dc0aa7) Importer(815301076,1909f56bfc062723c751e8b465ee728b)  -> (artifact id: 'b753e2dc99ca2a1bdd3284dce637b93e') in 0.004019 seconds 
========================================================================
Received Prepare
Registering precompiled user dll's ...
Registered in 0.001161 seconds.
Begin MonoManager ReloadAssembly
Symbol file LoadedFromMemory doesn't match image C:\Users\Oliver\Desktop\unity\Unity3D-Python-Communication-master\UIdesign\Library\PackageCache\com.unity.ext.nunit@1.0.0\net35\unity-custom\nunit.framework.dll
Native extension for WindowsStandalone target not found
Refreshing native plugins compatible for Editor in 0.32 ms, found 0 plugins.
Preloading 0 native plugins for Editor in 0.00 ms.
Invoked RoslynAnalysisRunner static constructor.
RoslynAnalysisRunner will not be running.
RoslynAnalysisRunner has terminated.
Mono: successfully reloaded assembly
- Completed reload, in  1.210 seconds
Platform modules already initialized, skipping
Refreshing native plugins compatible for Editor in 0.19 ms, found 0 plugins.
Preloading 0 native plugins for Editor in 0.00 ms.
Unloading 1095 Unused Serialized files (Serialized files now loaded: 0)
System memory in use before: 192.7 MB.
System memory in use after: 192.8 MB.

Unloading 5 unused Assets to reduce memory usage. Loaded Objects now: 1621.
Total: 3.130800 ms (FindLiveObjects: 1.208300 ms CreateObjectMapping: 0.083800 ms MarkObjects: 1.743500 ms  DeleteObjects: 0.092200 ms)

========================================================================
Received Prepare
Registering precompiled user dll's ...
Registered in 0.001203 seconds.
Begin MonoManager ReloadAssembly
Symbol file LoadedFromMemory doesn't match image C:\Users\Oliver\Desktop\unity\Unity3D-Python-Communication-master\UIdesign\Library\PackageCache\com.unity.ext.nunit@1.0.0\net35\unity-custom\nunit.framework.dll
Native extension for WindowsStandalone target not found
Refreshing native plugins compatible for Editor in 0.26 ms, found 0 plugins.
Preloading 0 native plugins for Editor in 0.00 ms.
Invoked RoslynAnalysisRunner static constructor.
RoslynAnalysisRunner will not be running.
RoslynAnalysisRunner has terminated.
Mono: successfully reloaded assembly
- Completed reload, in  1.267 seconds
Platform modules already initialized, skipping
Refreshing native plugins compatible for Editor in 0.49 ms, found 0 plugins.
Preloading 0 native plugins for Editor in 0.00 ms.
Unloading 1095 Unused Serialized files (Serialized files now loaded: 0)
System memory in use before: 192.8 MB.
System memory in use after: 192.9 MB.

Unloading 5 unused Assets to reduce memory usage. Loaded Objects now: 1623.
Total: 6.468700 ms (FindLiveObjects: 1.411800 ms CreateObjectMapping: 0.306700 ms MarkObjects: 4.668700 ms  DeleteObjects: 0.078700 ms)

========================================================================
Received Import Request.
  Time since last request: 136.867457 seconds.
  path: Assets/Scripts/Scene/Scene.cs
  artifactKey: Guid(15e60e5b7d84c4145b6b1f5f60dc0aa7) Importer(815301076,1909f56bfc062723c751e8b465ee728b)
Start importing Assets/Scripts/Scene/Scene.cs using Guid(15e60e5b7d84c4145b6b1f5f60dc0aa7) Importer(815301076,1909f56bfc062723c751e8b465ee728b)  -> (artifact id: '3c4c1f9b94bc20dc2931a968018246a9') in 0.010667 seconds 
========================================================================
Received Import Request.
  Time since last request: 20.302131 seconds.
  path: Assets/Scripts/Scene/BaseSceneState.cs
  artifactKey: Guid(15e60e5b7d84c4145b6b1f5f60dc0aa7) Importer(815301076,1909f56bfc062723c751e8b465ee728b)
Start importing Assets/Scripts/Scene/BaseSceneState.cs using Guid(15e60e5b7d84c4145b6b1f5f60dc0aa7) Importer(815301076,1909f56bfc062723c751e8b465ee728b)  -> (artifact id: 'c1c84b909efb350b6dd824decb23fae2') in 0.013477 seconds 
========================================================================
Received Prepare
Registering precompiled user dll's ...
Registered in 0.001195 seconds.
Begin MonoManager ReloadAssembly
Symbol file LoadedFromMemory doesn't match image C:\Users\Oliver\Desktop\unity\Unity3D-Python-Communication-master\UIdesign\Library\PackageCache\com.unity.ext.nunit@1.0.0\net35\unity-custom\nunit.framework.dll
Native extension for WindowsStandalone target not found
Refreshing native plugins compatible for Editor in 0.34 ms, found 0 plugins.
Preloading 0 native plugins for Editor in 0.00 ms.
Invoked RoslynAnalysisRunner static constructor.
RoslynAnalysisRunner will not be running.
RoslynAnalysisRunner has terminated.
Mono: successfully reloaded assembly
- Completed reload, in  1.227 seconds
Platform modules already initialized, skipping
Refreshing native plugins compatible for Editor in 0.26 ms, found 0 plugins.
Preloading 0 native plugins for Editor in 0.00 ms.
Unloading 1096 Unused Serialized files (Serialized files now loaded: 0)
System memory in use before: 192.9 MB.
System memory in use after: 193.0 MB.

Unloading 5 unused Assets to reduce memory usage. Loaded Objects now: 1626.
Total: 2.958400 ms (FindLiveObjects: 0.594600 ms CreateObjectMapping: 0.098300 ms MarkObjects: 2.215300 ms  DeleteObjects: 0.048600 ms)

========================================================================
Received Import Request.
  Time since last request: 21.222466 seconds.
  path: Assets/Scripts/Scene/StartScene.cs
  artifactKey: Guid(1668f1d5990935b418dc31e68f855579) Importer(815301076,1909f56bfc062723c751e8b465ee728b)
Start importing Assets/Scripts/Scene/StartScene.cs using Guid(1668f1d5990935b418dc31e68f855579) Importer(815301076,1909f56bfc062723c751e8b465ee728b)  -> (artifact id: '80cefd1afca34437de7735d527ec7893') in 0.014040 seconds 
========================================================================
Received Prepare
Registering precompiled user dll's ...
Registered in 0.001294 seconds.
Begin MonoManager ReloadAssembly
Symbol file LoadedFromMemory doesn't match image C:\Users\Oliver\Desktop\unity\Unity3D-Python-Communication-master\UIdesign\Library\PackageCache\com.unity.ext.nunit@1.0.0\net35\unity-custom\nunit.framework.dll
Native extension for WindowsStandalone target not found
Refreshing native plugins compatible for Editor in 0.46 ms, found 0 plugins.
Preloading 0 native plugins for Editor in 0.00 ms.
Invoked RoslynAnalysisRunner static constructor.
RoslynAnalysisRunner will not be running.
RoslynAnalysisRunner has terminated.
Mono: successfully reloaded assembly
- Completed reload, in  1.530 seconds
Platform modules already initialized, skipping
Refreshing native plugins compatible for Editor in 0.28 ms, found 0 plugins.
Preloading 0 native plugins for Editor in 0.00 ms.
Unloading 1097 Unused Serialized files (Serialized files now loaded: 0)
System memory in use before: 193.0 MB.
System memory in use after: 193.1 MB.

Unloading 5 unused Assets to reduce memory usage. Loaded Objects now: 1629.
Total: 3.870200 ms (FindLiveObjects: 0.861100 ms CreateObjectMapping: 0.058800 ms MarkObjects: 2.685900 ms  DeleteObjects: 0.257500 ms)

========================================================================
Received Import Request.
  Time since last request: 15.795376 seconds.
  path: Assets/Scripts/Scene/Scene.cs
  artifactKey: Guid(13348617af40be24381679fc66a1c3c0) Importer(815301076,1909f56bfc062723c751e8b465ee728b)
Start importing Assets/Scripts/Scene/Scene.cs using Guid(13348617af40be24381679fc66a1c3c0) Importer(815301076,1909f56bfc062723c751e8b465ee728b)  -> (artifact id: '27788cfc5acc8b8b7d74dd72a00aa966') in 0.011796 seconds 
========================================================================
Received Import Request.
  Time since last request: 53.445936 seconds.
  path: Assets/Scripts/Scene/BaseSceneState.cs
  artifactKey: Guid(15e60e5b7d84c4145b6b1f5f60dc0aa7) Importer(815301076,1909f56bfc062723c751e8b465ee728b)
Start importing Assets/Scripts/Scene/BaseSceneState.cs using Guid(15e60e5b7d84c4145b6b1f5f60dc0aa7) Importer(815301076,1909f56bfc062723c751e8b465ee728b)  -> (artifact id: 'bd9bf46ded39904f1d4476f21d972045') in 0.005342 seconds 
========================================================================
Received Prepare
Registering precompiled user dll's ...
Registered in 0.001369 seconds.
Begin MonoManager ReloadAssembly
Symbol file LoadedFromMemory doesn't match image C:\Users\Oliver\Desktop\unity\Unity3D-Python-Communication-master\UIdesign\Library\PackageCache\com.unity.ext.nunit@1.0.0\net35\unity-custom\nunit.framework.dll
Native extension for WindowsStandalone target not found
Refreshing native plugins compatible for Editor in 0.31 ms, found 0 plugins.
Preloading 0 native plugins for Editor in 0.00 ms.
Invoked RoslynAnalysisRunner static constructor.
RoslynAnalysisRunner will not be running.
RoslynAnalysisRunner has terminated.
Mono: successfully reloaded assembly
- Completed reload, in  1.424 seconds
Platform modules already initialized, skipping
Refreshing native plugins compatible for Editor in 0.26 ms, found 0 plugins.
Preloading 0 native plugins for Editor in 0.00 ms.
Unloading 1096 Unused Serialized files (Serialized files now loaded: 0)
System memory in use before: 193.1 MB.
System memory in use after: 193.1 MB.

Unloading 6 unused Assets to reduce memory usage. Loaded Objects now: 1630.
Total: 4.041400 ms (FindLiveObjects: 0.791600 ms CreateObjectMapping: 0.097800 ms MarkObjects: 3.018300 ms  DeleteObjects: 0.120000 ms)

========================================================================
Received Prepare
Registering precompiled user dll's ...
Registered in 0.001698 seconds.
Begin MonoManager ReloadAssembly
Symbol file LoadedFromMemory doesn't match image C:\Users\Oliver\Desktop\unity\Unity3D-Python-Communication-master\UIdesign\Library\PackageCache\com.unity.ext.nunit@1.0.0\net35\unity-custom\nunit.framework.dll
Native extension for WindowsStandalone target not found
Refreshing native plugins compatible for Editor in 0.30 ms, found 0 plugins.
Preloading 0 native plugins for Editor in 0.00 ms.
Invoked RoslynAnalysisRunner static constructor.
RoslynAnalysisRunner will not be running.
RoslynAnalysisRunner has terminated.
Mono: successfully reloaded assembly
- Completed reload, in  1.269 seconds
Platform modules already initialized, skipping
Refreshing native plugins compatible for Editor in 0.41 ms, found 0 plugins.
Preloading 0 native plugins for Editor in 0.00 ms.
Unloading 1096 Unused Serialized files (Serialized files now loaded: 0)
System memory in use before: 193.1 MB.
System memory in use after: 193.2 MB.

Unloading 5 unused Assets to reduce memory usage. Loaded Objects now: 1632.
Total: 4.058700 ms (FindLiveObjects: 0.662500 ms CreateObjectMapping: 0.075400 ms MarkObjects: 3.038300 ms  DeleteObjects: 0.271300 ms)

========================================================================
Received Import Request.
  Time since last request: 824.741020 seconds.
  path: Assets/Scripts/Scene/StartScene.cs
  artifactKey: Guid(1668f1d5990935b418dc31e68f855579) Importer(815301076,1909f56bfc062723c751e8b465ee728b)
Start importing Assets/Scripts/Scene/StartScene.cs using Guid(1668f1d5990935b418dc31e68f855579) Importer(815301076,1909f56bfc062723c751e8b465ee728b)  -> (artifact id: '127911d223527649343dd0a82f091303') in 0.009493 seconds 
========================================================================
Received Import Request.
  Time since last request: 8.346281 seconds.
  path: Assets/Scripts/Scene/SceneSystem.cs
  artifactKey: Guid(866f17c75ebd8da47a290451499be24a) Importer(815301076,1909f56bfc062723c751e8b465ee728b)
Start importing Assets/Scripts/Scene/SceneSystem.cs using Guid(866f17c75ebd8da47a290451499be24a) Importer(815301076,1909f56bfc062723c751e8b465ee728b)  -> (artifact id: '9b15a1c95890723e502fba754e169e95') in 0.008526 seconds 
========================================================================
Received Prepare
Registering precompiled user dll's ...
Registered in 0.001323 seconds.
Begin MonoManager ReloadAssembly
Symbol file LoadedFromMemory doesn't match image C:\Users\Oliver\Desktop\unity\Unity3D-Python-Communication-master\UIdesign\Library\PackageCache\com.unity.ext.nunit@1.0.0\net35\unity-custom\nunit.framework.dll
Native extension for WindowsStandalone target not found
Refreshing native plugins compatible for Editor in 0.24 ms, found 0 plugins.
Preloading 0 native plugins for Editor in 0.00 ms.
Invoked RoslynAnalysisRunner static constructor.
RoslynAnalysisRunner will not be running.
RoslynAnalysisRunner has terminated.
Mono: successfully reloaded assembly
- Completed reload, in  0.902 seconds
Platform modules already initialized, skipping
Refreshing native plugins compatible for Editor in 0.20 ms, found 0 plugins.
Preloading 0 native plugins for Editor in 0.00 ms.
Unloading 1097 Unused Serialized files (Serialized files now loaded: 0)
System memory in use before: 193.2 MB.
System memory in use after: 193.3 MB.

Unloading 5 unused Assets to reduce memory usage. Loaded Objects now: 1635.
Total: 2.015600 ms (FindLiveObjects: 0.362800 ms CreateObjectMapping: 0.047500 ms MarkObjects: 1.560400 ms  DeleteObjects: 0.042900 ms)

========================================================================
Received Import Request.
  Time since last request: 292.425699 seconds.
  path: Assets/Scripts/Scene/SceneSystem.cs
  artifactKey: Guid(866f17c75ebd8da47a290451499be24a) Importer(815301076,1909f56bfc062723c751e8b465ee728b)
Start importing Assets/Scripts/Scene/SceneSystem.cs using Guid(866f17c75ebd8da47a290451499be24a) Importer(815301076,1909f56bfc062723c751e8b465ee728b)  -> (artifact id: '708fa1921750c7e93948ff1d8e5e0cf2') in 0.009026 seconds 
AssetImportWorkerClient::OnTransportError - code=2 error=End of file
